SF:lib\app\app_module.dart
DA:9,4
DA:10,4
DA:11,4
DA:12,0
DA:13,0
DA:18,0
DA:19,0
DA:20,0
DA:23,0
DA:24,0
DA:26,0
LF:11
LH:3
end_of_record
SF:lib\app\shared\repositories\user_repository\user_repository.dart
DA:8,1
DA:11,1
DA:12,2
DA:16,4
DA:21,1
DA:24,0
LF:6
LH:5
end_of_record
SF:lib\app\app_widget.dart
DA:5,0
DA:7,0
DA:8,0
DA:10,0
LF:4
LH:0
end_of_record
SF:lib\app\modules\home\home_module.dart
DA:7,2
DA:8,2
DA:9,2
DA:10,4
DA:11,2
DA:16,0
DA:17,0
DA:18,0
DA:21,0
LF:9
LH:5
end_of_record
SF:lib\app\modules\home\home_controller.dart
DA:15,1
DA:19,1
DA:20,4
DA:25,1
DA:27,1
DA:33,1
DA:35,1
DA:41,1
DA:43,1
DA:46,1
DA:47,4
DA:48,1
DA:52,5
DA:54,1
LF:14
LH:14
end_of_record
SF:lib\app\modules\home\home_controller.g.dart
DA:14,1
DA:16,4
DA:18,1
DA:22,1
DA:24,2
DA:25,1
DA:28,1
DA:30,4
DA:31,1
DA:37,1
DA:39,2
DA:40,1
DA:43,1
DA:45,4
DA:46,1
DA:52,1
DA:54,2
DA:55,1
DA:58,1
DA:60,4
DA:61,1
DA:68,1
DA:70,2
DA:73,1
DA:75,2
DA:79,1
DA:81,2
DA:84,1
DA:86,2
DA:90,1
DA:92,2
DA:95,1
DA:97,2
DA:101,0
DA:104,0
DA:105,0
DA:106,0
DA:107,0
DA:108,0
LF:39
LH:33
end_of_record
SF:lib\app\shared\models\user.dart
DA:6,2
DA:10,2
LF:2
LH:2
end_of_record
SF:lib\app\modules\home\home_page.dart
DA:7,1
DA:8,1
DA:12,1
DA:14,1
DA:15,1
DA:16,1
DA:17,1
DA:18,1
DA:21,1
DA:22,1
DA:23,1
DA:24,1
DA:26,1
DA:32,1
DA:35,1
DA:36,2
DA:37,1
DA:39,1
DA:44,1
DA:46,2
DA:47,1
DA:49,1
DA:54,1
DA:57,1
DA:58,1
DA:59,1
DA:61,4
DA:62,1
LF:28
LH:28
end_of_record
SF:lib\app\modules\home\home_controller.dart
DA:15,0
DA:19,0
DA:20,0
DA:25,0
DA:27,0
DA:33,0
DA:35,0
DA:41,0
DA:43,0
DA:46,0
DA:47,0
DA:48,0
DA:52,0
DA:54,0
LF:14
LH:0
end_of_record
SF:lib\app\modules\home\home_controller.g.dart
DA:14,1
DA:16,4
DA:18,1
DA:22,1
DA:24,2
DA:25,1
DA:28,1
DA:30,4
DA:31,1
DA:37,1
DA:39,2
DA:40,1
DA:43,1
DA:45,4
DA:46,1
DA:52,0
DA:54,0
DA:55,0
DA:58,0
DA:60,0
DA:61,0
DA:68,1
DA:70,2
DA:73,1
DA:75,2
DA:79,1
DA:81,2
DA:84,1
DA:86,2
DA:90,0
DA:92,0
DA:95,0
DA:97,0
DA:101,0
DA:104,0
DA:105,0
DA:106,0
DA:107,0
DA:108,0
LF:39
LH:23
end_of_record
